e:\vs2015workdpace\idcardrecognization\idcardrecognization\debug\vc140.pdb
e:\vs2015workdpace\idcardrecognization\idcardrecognization\debug\vc140.idb
e:\vs2015workdpace\idcardrecognization\idcardrecognization\debug\lineadjust.obj
e:\vs2015workdpace\idcardrecognization\idcardrecognization\debug\main.obj
e:\vs2015workdpace\idcardrecognization\idcardrecognization\debug\myadjust.obj
e:\vs2015workdpace\idcardrecognization\idcardrecognization\debug\rectajust.obj
c:\users\administrator.win-19b7651ajul\desktop\idcardrecognization\debug\vc140.pdb
c:\users\administrator.win-19b7651ajul\desktop\idcardrecognization\debug\vc140.idb
c:\users\administrator.win-19b7651ajul\desktop\idcardrecognization\debug\myadjust.obj
e:\vs2015workdpace\idcardrecognization\debug\idcardrecognization.ilk
e:\vs2015workdpace\idcardrecognization\debug\idcardrecognization.exe
e:\vs2015workdpace\idcardrecognization\debug\idcardrecognization.pdb
c:\users\administrator.win-19b7651ajul\desktop\idcardrecognization\debug\idcardrecognization.ilk
c:\users\administrator.win-19b7651ajul\desktop\idcardrecognization\debug\idcardrecognization.exe
c:\users\administrator.win-19b7651ajul\desktop\idcardrecognization\debug\idcardrecognization.pdb
c:\users\administrator.win-19b7651ajul\desktop\idcardrecognization\debug\lineadjust.obj
c:\users\administrator.win-19b7651ajul\desktop\idcardrecognization\debug\main.obj
c:\users\administrator.win-19b7651ajul\desktop\idcardrecognization\debug\rectajust.obj
c:\users\administrator.win-19b7651ajul\desktop\idcardrecognization\debug\idcardre.4ba76bf9.tlog\cl.command.1.tlog
c:\users\administrator.win-19b7651ajul\desktop\idcardrecognization\debug\idcardre.4ba76bf9.tlog\cl.read.1.tlog
c:\users\administrator.win-19b7651ajul\desktop\idcardrecognization\debug\idcardre.4ba76bf9.tlog\cl.write.1.tlog
c:\users\administrator.win-19b7651ajul\desktop\idcardrecognization\debug\idcardre.4ba76bf9.tlog\link.command.1.tlog
c:\users\administrator.win-19b7651ajul\desktop\idcardrecognization\debug\idcardre.4ba76bf9.tlog\link.read.1.tlog
c:\users\administrator.win-19b7651ajul\desktop\idcardrecognization\debug\idcardre.4ba76bf9.tlog\link.write.1.tlog
